  ProyectoFinal.cpp
D:\Users\oiram\Desktop\Zoomestre 2022-2\CGEIHC\419047973_Proyecto_Gpo12\ProyectoFinal\ProyectoFinal\ProyectoFinal.cpp(193,24): warning C4244: 'inicializando': conversión de 'double' a 'GLfloat'; posible pérdida de datos
D:\Users\oiram\Desktop\Zoomestre 2022-2\CGEIHC\419047973_Proyecto_Gpo12\ProyectoFinal\ProyectoFinal\ProyectoFinal.cpp(391,11): warning C4244: '=': conversión de 'double' a 'GLfloat'; posible pérdida de datos
D:\Users\oiram\Desktop\Zoomestre 2022-2\CGEIHC\419047973_Proyecto_Gpo12\ProyectoFinal\ProyectoFinal\ProyectoFinal.cpp(392,11): warning C4244: '=': conversión de 'double' a 'GLfloat'; posible pérdida de datos
D:\Users\oiram\Desktop\Zoomestre 2022-2\CGEIHC\419047973_Proyecto_Gpo12\ProyectoFinal\ProyectoFinal\ProyectoFinal.cpp(396,18): warning C4244: 'inicializando': conversión de 'double' a 'GLfloat'; posible pérdida de datos
D:\Users\oiram\Desktop\Zoomestre 2022-2\CGEIHC\419047973_Proyecto_Gpo12\ProyectoFinal\ProyectoFinal\ProyectoFinal.cpp(397,18): warning C4244: 'inicializando': conversión de 'double' a 'GLfloat'; posible pérdida de datos
D:\Users\oiram\Desktop\Zoomestre 2022-2\CGEIHC\419047973_Proyecto_Gpo12\ProyectoFinal\ProyectoFinal\ProyectoFinal.cpp(399,10): warning C4244: '=': conversión de 'double' a 'GLfloat'; posible pérdida de datos
D:\Users\oiram\Desktop\Zoomestre 2022-2\CGEIHC\419047973_Proyecto_Gpo12\ProyectoFinal\ProyectoFinal\ProyectoFinal.cpp(400,10): warning C4244: '=': conversión de 'double' a 'GLfloat'; posible pérdida de datos
soil2-debug.lib(SOIL2.obj) : warning LNK4075: se omite '/EDITANDCONTINUE' debido a la especificación '/OPT:ICF'
LINK : warning LNK4098: la biblioteca predeterminada'MSVCRTD' entra en conflicto con otras bibliotecas; use la biblioteca /NODEFAULTLIB:biblioteca
  Generando código
  1 of 610 functions ( 0.2%) were compiled, the rest were copied from previous compilation.
    0 functions were new in current compilation
    0 functions had inline decision re-evaluated but remain unchanged
  Generación de código finalizada
soil2-debug.lib(etc1_utils.obj) : warning LNK4099: no se encontró PDB 'soil2-debug.pdb' con 'soil2-debug.lib(etc1_utils.obj)' o en 'D:\Users\oiram\Desktop\Zoomestre 2022-2\CGEIHC\419047973_Proyecto_Gpo12\ProyectoFinal\Release\soil2-debug.pdb'; se vinculará el objeto sin tener en cuenta información de depuración
soil2-debug.lib(image_DXT.obj) : warning LNK4099: no se encontró PDB 'soil2-debug.pdb' con 'soil2-debug.lib(image_DXT.obj)' o en 'D:\Users\oiram\Desktop\Zoomestre 2022-2\CGEIHC\419047973_Proyecto_Gpo12\ProyectoFinal\Release\soil2-debug.pdb'; se vinculará el objeto sin tener en cuenta información de depuración
soil2-debug.lib(image_helper.obj) : warning LNK4099: no se encontró PDB 'soil2-debug.pdb' con 'soil2-debug.lib(image_helper.obj)' o en 'D:\Users\oiram\Desktop\Zoomestre 2022-2\CGEIHC\419047973_Proyecto_Gpo12\ProyectoFinal\Release\soil2-debug.pdb'; se vinculará el objeto sin tener en cuenta información de depuración
soil2-debug.lib(SOIL2.obj) : warning LNK4099: no se encontró PDB 'soil2-debug.pdb' con 'soil2-debug.lib(SOIL2.obj)' o en 'D:\Users\oiram\Desktop\Zoomestre 2022-2\CGEIHC\419047973_Proyecto_Gpo12\ProyectoFinal\Release\soil2-debug.pdb'; se vinculará el objeto sin tener en cuenta información de depuración
  ProyectoFinal.vcxproj -> D:\Users\oiram\Desktop\Zoomestre 2022-2\CGEIHC\419047973_Proyecto_Gpo12\ProyectoFinal\Release\ProyectoFinal.exe
